Flow report for bitcoin_miner
Sat May 11 04:28:15 2013
Quartus II 64-Bit Version 12.1 Build 243 01/31/2013 Service Pack 1 SJ Full Version


---------------------
; Table of Contents ;
---------------------
  1. Legal Notice
  2. Flow Summary
  3. Flow Settings
  4. Flow Non-Default Global Settings
  5. Flow Elapsed Time
  6. Flow OS Summary
  7. Flow Log



----------------
; Legal Notice ;
----------------
Copyright (C) 1991-2012 Altera Corporation
Your use of Altera Corporation's design tools, logic functions 
and other software and tools, and its AMPP partner logic 
functions, and any output files from any of the foregoing 
(including device programming or simulation files), and any 
associated documentation or information are expressly subject 
to the terms and conditions of the Altera Program License 
Subscription Agreement, Altera MegaCore Function License 
Agreement, or other applicable license agreement, including, 
without limitation, that your use is for the sole purpose of 
programming logic devices manufactured by Altera and sold by 
Altera or its authorized distributors.  Please refer to the 
applicable agreement for further details.



+-------------------------------------------------------------------------------------+
; Flow Summary                                                                        ;
+------------------------------------+------------------------------------------------+
; Flow Status                        ; Successful - Sat May 11 04:28:15 2013          ;
; Quartus II 64-Bit Version          ; 12.1 Build 243 01/31/2013 SP 1 SJ Full Version ;
; Revision Name                      ; bitcoin_miner                                  ;
; Top-level Entity Name              ; top                                            ;
; Family                             ; Cyclone IV E                                   ;
; Device                             ; EP4CE115F29C7                                  ;
; Timing Models                      ; Final                                          ;
; Total logic elements               ; 93,370 / 114,480 ( 82 % )                      ;
;     Total combinational functions  ; 56,023 / 114,480 ( 49 % )                      ;
;     Dedicated logic registers      ; 63,078 / 114,480 ( 55 % )                      ;
; Total registers                    ; 63078                                          ;
; Total pins                         ; 1 / 529 ( < 1 % )                              ;
; Total virtual pins                 ; 0                                              ;
; Total memory bits                  ; 11,456 / 3,981,312 ( < 1 % )                   ;
; Embedded Multiplier 9-bit elements ; 0 / 532 ( 0 % )                                ;
; Total PLLs                         ; 1 / 4 ( 25 % )                                 ;
+------------------------------------+------------------------------------------------+


+-----------------------------------------+
; Flow Settings                           ;
+-------------------+---------------------+
; Option            ; Setting             ;
+-------------------+---------------------+
; Start date & time ; 05/11/2013 03:48:37 ;
; Main task         ; Compilation         ;
; Revision Name     ; bitcoin_miner       ;
+-------------------+---------------------+


+----------------------------------------------------------------------------------------------------------------------------------+
; Flow Non-Default Global Settings                                                                                                 ;
+-------------------------------------+---------------------------------------+---------------+-------------+----------------------+
; Assignment Name                     ; Value                                 ; Default Value ; Entity Name ; Section Id           ;
+-------------------------------------+---------------------------------------+---------------+-------------+----------------------+
; COMPILER_SIGNATURE_ID               ; 159320650568349.136825851708768       ; --            ; --          ; --                   ;
; CYCLONEII_OPTIMIZATION_TECHNIQUE    ; Speed                                 ; Balanced      ; --          ; --                   ;
; EDA_DESIGN_ENTRY_SYNTHESIS_TOOL     ; Design Compiler                       ; <None>        ; --          ; --                   ;
; EDA_ENABLE_GLITCH_FILTERING         ; On                                    ; --            ; --          ; eda_simulation       ;
; EDA_INPUT_DATA_FORMAT               ; Verilog Hdl                           ; --            ; --          ; eda_design_synthesis ;
; EDA_INPUT_VCC_NAME                  ; Vdd                                   ; --            ; --          ; eda_design_synthesis ;
; EDA_LMF_FILE                        ; altsyn.lmf                            ; --            ; --          ; eda_design_synthesis ;
; EDA_OUTPUT_DATA_FORMAT              ; Verilog Hdl                           ; --            ; --          ; eda_simulation       ;
; EDA_SIMULATION_TOOL                 ; Active-HDL (Verilog)                  ; <None>        ; --          ; --                   ;
; EDA_TIME_SCALE                      ; 1 ps                                  ; --            ; --          ; eda_simulation       ;
; IP_TOOL_NAME                        ; ALTPLL                                ; --            ; --          ; --                   ;
; IP_TOOL_VERSION                     ; 12.1                                  ; --            ; --          ; --                   ;
; MAX_CORE_JUNCTION_TEMP              ; 85                                    ; --            ; --          ; --                   ;
; MIN_CORE_JUNCTION_TEMP              ; 0                                     ; --            ; --          ; --                   ;
; MISC_FILE                           ; ../top/ip/pll.cmp                     ; --            ; --          ; --                   ;
; MISC_FILE                           ; ../top/ip/pll.ppf                     ; --            ; --          ; --                   ;
; NUM_PARALLEL_PROCESSORS             ; All                                   ; --            ; --          ; --                   ;
; OPTIMIZATION_TECHNIQUE              ; Speed                                 ; Balanced      ; --          ; --                   ;
; OUTPUT_IO_TIMING_FAR_END_VMEAS      ; Half Signal Swing                     ; --            ; --          ; --                   ;
; OUTPUT_IO_TIMING_FAR_END_VMEAS      ; Half Signal Swing                     ; --            ; --          ; --                   ;
; OUTPUT_IO_TIMING_NEAR_END_VMEAS     ; Half Vccio                            ; --            ; --          ; --                   ;
; OUTPUT_IO_TIMING_NEAR_END_VMEAS     ; Half Vccio                            ; --            ; --          ; --                   ;
; PARTITION_COLOR                     ; 16764057                              ; --            ; top         ; Top                  ;
; PARTITION_FITTER_PRESERVATION_LEVEL ; PLACEMENT_AND_ROUTING                 ; --            ; top         ; Top                  ;
; PARTITION_NETLIST_TYPE              ; SOURCE                                ; --            ; top         ; Top                  ;
; POWER_BOARD_THERMAL_MODEL           ; None (CONSERVATIVE)                   ; --            ; --          ; --                   ;
; POWER_PRESET_COOLING_SOLUTION       ; 15 MM HEAT SINK WITH 100 LFPM AIRFLOW ; --            ; --          ; --                   ;
; SMART_RECOMPILE                     ; On                                    ; Off           ; --          ; --                   ;
; TOP_LEVEL_ENTITY                    ; top                                   ; bitcoin_miner ; --          ; --                   ;
+-------------------------------------+---------------------------------------+---------------+-------------+----------------------+


+-------------------------------------------------------------------------------------------------------------------------------+
; Flow Elapsed Time                                                                                                             ;
+---------------------------+--------------+-------------------------+---------------------+------------------------------------+
; Module Name               ; Elapsed Time ; Average Processors Used ; Peak Virtual Memory ; Total CPU Time (on all processors) ;
+---------------------------+--------------+-------------------------+---------------------+------------------------------------+
; Analysis & Synthesis      ; 00:04:47     ; 1.0                     ; 1378 MB             ; 00:04:47                           ;
; Fitter                    ; 00:28:56     ; 3.6                     ; 2128 MB             ; 01:10:55                           ;
; Assembler                 ; 00:00:17     ; 1.0                     ; 724 MB              ; 00:00:16                           ;
; TimeQuest Timing Analyzer ; 00:00:59     ; 2.5                     ; 1563 MB             ; 00:01:24                           ;
; EDA Netlist Writer        ; 00:03:35     ; 1.0                     ; 1157 MB             ; 00:03:31                           ;
; Total                     ; 00:38:34     ; --                      ; --                  ; 01:20:53                           ;
+---------------------------+--------------+-------------------------+---------------------+------------------------------------+


+----------------------------------------------------------------------------------------+
; Flow OS Summary                                                                        ;
+---------------------------+------------------+-----------+------------+----------------+
; Module Name               ; Machine Hostname ; OS Name   ; OS Version ; Processor type ;
+---------------------------+------------------+-----------+------------+----------------+
; Analysis & Synthesis      ; MasterMind       ; Windows 7 ; 6.1        ; x86_64         ;
; Fitter                    ; MasterMind       ; Windows 7 ; 6.1        ; x86_64         ;
; Assembler                 ; MasterMind       ; Windows 7 ; 6.1        ; x86_64         ;
; TimeQuest Timing Analyzer ; MasterMind       ; Windows 7 ; 6.1        ; x86_64         ;
; EDA Netlist Writer        ; MasterMind       ; Windows 7 ; 6.1        ; x86_64         ;
+---------------------------+------------------+-----------+------------+----------------+


------------
; Flow Log ;
------------
quartus_map --read_settings_files=on --write_settings_files=off bitcoin_miner -c bitcoin_miner
quartus_fit --read_settings_files=off --write_settings_files=off bitcoin_miner -c bitcoin_miner
quartus_asm --read_settings_files=off --write_settings_files=off bitcoin_miner -c bitcoin_miner
quartus_sta bitcoin_miner -c bitcoin_miner
quartus_eda --read_settings_files=off --write_settings_files=off bitcoin_miner -c bitcoin_miner



