EDA Netlist Writer report for bitcoin_miner
Sat May 11 04:28:15 2013
Quartus II 64-Bit Version 12.1 Build 243 01/31/2013 Service Pack 1 SJ Full Version


---------------------
; Table of Contents ;
---------------------
  1. Legal Notice
  2. EDA Netlist Writer Summary
  3. Simulation Settings
  4. Simulation Generated Files
  5. EDA Netlist Writer Messages



----------------
; Legal Notice ;
----------------
Copyright (C) 1991-2012 Altera Corporation
Your use of Altera Corporation's design tools, logic functions 
and other software and tools, and its AMPP partner logic 
functions, and any output files from any of the foregoing 
(including device programming or simulation files), and any 
associated documentation or information are expressly subject 
to the terms and conditions of the Altera Program License 
Subscription Agreement, Altera MegaCore Function License 
Agreement, or other applicable license agreement, including, 
without limitation, that your use is for the sole purpose of 
programming logic devices manufactured by Altera and sold by 
Altera or its authorized distributors.  Please refer to the 
applicable agreement for further details.



+-------------------------------------------------------------------+
; EDA Netlist Writer Summary                                        ;
+---------------------------+---------------------------------------+
; EDA Netlist Writer Status ; Successful - Sat May 11 04:28:15 2013 ;
; Revision Name             ; bitcoin_miner                         ;
; Top-level Entity Name     ; top                                   ;
; Family                    ; Cyclone IV E                          ;
; Simulation Files Creation ; Successful                            ;
+---------------------------+---------------------------------------+


+--------------------------------------------------------------------------------------------------------------------------+
; Simulation Settings                                                                                                      ;
+---------------------------------------------------------------------------------------------------+----------------------+
; Option                                                                                            ; Setting              ;
+---------------------------------------------------------------------------------------------------+----------------------+
; Tool Name                                                                                         ; Active-HDL (Verilog) ;
; Generate netlist for functional simulation only                                                   ; Off                  ;
; Time scale                                                                                        ; 1 ps                 ;
; Truncate long hierarchy paths                                                                     ; Off                  ;
; Map illegal HDL characters                                                                        ; Off                  ;
; Flatten buses into individual nodes                                                               ; Off                  ;
; Maintain hierarchy                                                                                ; Off                  ;
; Bring out device-wide set/reset signals as ports                                                  ; Off                  ;
; Enable glitch filtering                                                                           ; On                   ;
; Do not write top level VHDL entity                                                                ; Off                  ;
; Disable detection of setup and hold time violations in the input registers of bi-directional pins ; Off                  ;
; Architecture name in VHDL output netlist                                                          ; structure            ;
; Generate third-party EDA tool command script for RTL functional simulation                        ; Off                  ;
; Generate third-party EDA tool command script for gate-level simulation                            ; Off                  ;
+---------------------------------------------------------------------------------------------------+----------------------+


+--------------------------------------------------------------------------------------------------------------------------------------------------------------------------+
; Simulation Generated Files                                                                                                                                               ;
+--------------------------------------------------------------------------------------------------------------------------------------------------------------------------+
; Generated Files                                                                                                                                                          ;
+--------------------------------------------------------------------------------------------------------------------------------------------------------------------------+
; E:/FPGA-DEV/de2/OSFPGABM/Open-Source-FPGA-Bitcoin-Miner-master/projects/VHDL_StratixIV_OrphanedGland/project/simulation/activehdl/bitcoin_miner_7_1200mv_85c_slow.vo     ;
; E:/FPGA-DEV/de2/OSFPGABM/Open-Source-FPGA-Bitcoin-Miner-master/projects/VHDL_StratixIV_OrphanedGland/project/simulation/activehdl/bitcoin_miner_7_1200mv_0c_slow.vo      ;
; E:/FPGA-DEV/de2/OSFPGABM/Open-Source-FPGA-Bitcoin-Miner-master/projects/VHDL_StratixIV_OrphanedGland/project/simulation/activehdl/bitcoin_miner_min_1200mv_0c_fast.vo    ;
; E:/FPGA-DEV/de2/OSFPGABM/Open-Source-FPGA-Bitcoin-Miner-master/projects/VHDL_StratixIV_OrphanedGland/project/simulation/activehdl/bitcoin_miner.vo                       ;
; E:/FPGA-DEV/de2/OSFPGABM/Open-Source-FPGA-Bitcoin-Miner-master/projects/VHDL_StratixIV_OrphanedGland/project/simulation/activehdl/bitcoin_miner_7_1200mv_85c_v_slow.sdo  ;
; E:/FPGA-DEV/de2/OSFPGABM/Open-Source-FPGA-Bitcoin-Miner-master/projects/VHDL_StratixIV_OrphanedGland/project/simulation/activehdl/bitcoin_miner_7_1200mv_0c_v_slow.sdo   ;
; E:/FPGA-DEV/de2/OSFPGABM/Open-Source-FPGA-Bitcoin-Miner-master/projects/VHDL_StratixIV_OrphanedGland/project/simulation/activehdl/bitcoin_miner_min_1200mv_0c_v_fast.sdo ;
; E:/FPGA-DEV/de2/OSFPGABM/Open-Source-FPGA-Bitcoin-Miner-master/projects/VHDL_StratixIV_OrphanedGland/project/simulation/activehdl/bitcoin_miner_v.sdo                    ;
+--------------------------------------------------------------------------------------------------------------------------------------------------------------------------+


+-----------------------------+
; EDA Netlist Writer Messages ;
+-----------------------------+
Info: *******************************************************************
Info: Running Quartus II 64-Bit EDA Netlist Writer
    Info: Version 12.1 Build 243 01/31/2013 Service Pack 1 SJ Full Version
    Info: Processing started: Sat May 11 04:24:40 2013
Info: Command: quartus_eda --read_settings_files=off --write_settings_files=off bitcoin_miner -c bitcoin_miner
Info (204019): Generated file bitcoin_miner_7_1200mv_85c_slow.vo in folder "E:/FPGA-DEV/de2/OSFPGABM/Open-Source-FPGA-Bitcoin-Miner-master/projects/VHDL_StratixIV_OrphanedGland/project/simulation/activehdl/" for EDA simulation tool
Info (204019): Generated file bitcoin_miner_7_1200mv_0c_slow.vo in folder "E:/FPGA-DEV/de2/OSFPGABM/Open-Source-FPGA-Bitcoin-Miner-master/projects/VHDL_StratixIV_OrphanedGland/project/simulation/activehdl/" for EDA simulation tool
Info (204019): Generated file bitcoin_miner_min_1200mv_0c_fast.vo in folder "E:/FPGA-DEV/de2/OSFPGABM/Open-Source-FPGA-Bitcoin-Miner-master/projects/VHDL_StratixIV_OrphanedGland/project/simulation/activehdl/" for EDA simulation tool
Info (204019): Generated file bitcoin_miner.vo in folder "E:/FPGA-DEV/de2/OSFPGABM/Open-Source-FPGA-Bitcoin-Miner-master/projects/VHDL_StratixIV_OrphanedGland/project/simulation/activehdl/" for EDA simulation tool
Info (204019): Generated file bitcoin_miner_7_1200mv_85c_v_slow.sdo in folder "E:/FPGA-DEV/de2/OSFPGABM/Open-Source-FPGA-Bitcoin-Miner-master/projects/VHDL_StratixIV_OrphanedGland/project/simulation/activehdl/" for EDA simulation tool
Info (204019): Generated file bitcoin_miner_7_1200mv_0c_v_slow.sdo in folder "E:/FPGA-DEV/de2/OSFPGABM/Open-Source-FPGA-Bitcoin-Miner-master/projects/VHDL_StratixIV_OrphanedGland/project/simulation/activehdl/" for EDA simulation tool
Info (204019): Generated file bitcoin_miner_min_1200mv_0c_v_fast.sdo in folder "E:/FPGA-DEV/de2/OSFPGABM/Open-Source-FPGA-Bitcoin-Miner-master/projects/VHDL_StratixIV_OrphanedGland/project/simulation/activehdl/" for EDA simulation tool
Info (204019): Generated file bitcoin_miner_v.sdo in folder "E:/FPGA-DEV/de2/OSFPGABM/Open-Source-FPGA-Bitcoin-Miner-master/projects/VHDL_StratixIV_OrphanedGland/project/simulation/activehdl/" for EDA simulation tool
Info: Quartus II 64-Bit EDA Netlist Writer was successful. 0 errors, 0 warnings
    Info: Peak virtual memory: 1168 megabytes
    Info: Processing ended: Sat May 11 04:28:16 2013
    Info: Elapsed time: 00:03:36
    Info: Total CPU time (on all processors): 00:03:33


